Build started 11/3/2013 1:22:19 AM.
Project "\\psf\Home\Documents\Visual Studio 2010\Projects\Tomaluso\Tomaluso\Tomaluso.vcxproj" on node 2 (build target(s)).
InitializeBuildStatus:
  Creating "Debug\Tomaluso.unsuccessfulbuild" because "AlwaysCreate" was specified.
ClCompile:
  C:\Program Files (x86)\Microsoft Visual Studio 10.0\VC\bin\CL.exe /c /ZI /nologo /W3 /WX- /Od /Oy- /D _MBCS /Gm /EHsc /RTC1 /MTd /GS /fp:precise /Zc:wchar_t /Zc:forScope /Fo"Debug\\" /Fd"Debug\vc100.pdb" /Gd /TP /analyze- /errorReport:prompt main.cpp /vmg 
  main.cpp
\\psf\home\documents\visual studio 2010\projects\tomaluso\tomaluso\main.cpp(395): warning C4018: '<' : signed/unsigned mismatch
\\psf\home\documents\visual studio 2010\projects\tomaluso\tomaluso\main.cpp(412): warning C4244: 'initializing' : conversion from 'double' to 'float', possible loss of data
\\psf\home\documents\visual studio 2010\projects\tomaluso\tomaluso\main.cpp(503): warning C4996: 'getch': The POSIX name for this item is deprecated. Instead, use the ISO C++ conformant name: _getch. See online help for details.
          c:\program files (x86)\microsoft visual studio 10.0\vc\include\conio.h(128) : see declaration of 'getch'
Link:
  C:\Program Files (x86)\Microsoft Visual Studio 10.0\VC\bin\link.exe /ERRORREPORT:PROMPT /OUT:"\\psf\Home\Documents\Visual Studio 2010\Projects\Tomaluso\Debug\Tomaluso.exe" /NOLOGO systemc.lib kernel32.lib user32.lib gdi32.lib winspool.lib comdlg32.lib advapi32.lib shell32.lib ole32.lib oleaut32.lib uuid.lib odbc32.lib odbccp32.lib /MANIFEST /ManifestFile:"Debug\Tomaluso.exe.intermediate.manifest" /MANIFESTUAC:"level='asInvoker' uiAccess='false'" /DEBUG /PDB:"\\psf\Home\Documents\Visual Studio 2010\Projects\Tomaluso\Debug\Tomaluso.pdb" /TLBID:1 /DYNAMICBASE /NXCOMPAT /IMPLIB:"\\psf\Home\Documents\Visual Studio 2010\Projects\Tomaluso\Debug\Tomaluso.lib" /MACHINE:X86 Debug\main.obj
  LINK : \\psf\Home\Documents\Visual Studio 2010\Projects\Tomaluso\Debug\Tomaluso.exe not found or not built by the last incremental link; performing full link
  Tomaluso.vcxproj -> \\psf\Home\Documents\Visual Studio 2010\Projects\Tomaluso\Debug\Tomaluso.exe
Manifest:
  C:\Program Files (x86)\Microsoft SDKs\Windows\v7.0A\bin\mt.exe /nologo /verbose /outputresource:"\\psf\Home\Documents\Visual Studio 2010\Projects\Tomaluso\Debug\Tomaluso.exe;#1" /manifest Debug\Tomaluso.exe.intermediate.manifest
FinalizeBuildStatus:
  Deleting file "Debug\Tomaluso.unsuccessfulbuild".
  Touching "Debug\Tomaluso.lastbuildstate".
Done Building Project "\\psf\Home\Documents\Visual Studio 2010\Projects\Tomaluso\Tomaluso\Tomaluso.vcxproj" (build target(s)).

Build succeeded.

Time Elapsed 00:00:02.00
